<?xml version="1.0" encoding="utf-8"?>
<assemblies timestamp="10/15/2019 21:20:33">
  <assembly name="/home/martin/RiderProjects/germgame/CellGameTest/bin/Debug/netcoreapp3.0/CellGameTest.dll" run-date="2019-10-15" run-time="21:20:33" total="13" passed="13" failed="0" skipped="0" time="2.365" errors="0">
    <errors />
    <collection total="2" passed="2" failed="0" skipped="0" name="Test collection for CellGameTest.Helper.FisherYatesShuffleTest" time="0.256">
      <test name="CellGameTest.Helper.FisherYatesShuffleTest.NullShuffle_Int_DoesShuffle" type="CellGameTest.Helper.FisherYatesShuffleTest" method="NullShuffle_Int_DoesShuffle" time="0.1787530" result="Pass">
        <traits />
      </test>
      <test name="CellGameTest.Helper.FisherYatesShuffleTest.NullShuffle_Location_DoesShuffle" type="CellGameTest.Helper.FisherYatesShuffleTest" method="NullShuffle_Location_DoesShuffle" time="0.0775035" result="Pass">
        <traits />
      </test>
    </collection>
    <collection total="2" passed="2" failed="0" skipped="0" name="Test collection for CellGameTest.Helper.NullShuffleTest" time="0.037">
      <test name="CellGameTest.Helper.NullShuffleTest.NullShuffle_Location_DoesNotShuffle" type="CellGameTest.Helper.NullShuffleTest" method="NullShuffle_Location_DoesNotShuffle" time="0.0322158" result="Pass">
        <traits />
      </test>
      <test name="CellGameTest.Helper.NullShuffleTest.NullShuffle_Int_DoesNotShuffle" type="CellGameTest.Helper.NullShuffleTest" method="NullShuffle_Int_DoesNotShuffle" time="0.0045659" result="Pass">
        <traits />
      </test>
    </collection>
    <collection total="2" passed="2" failed="0" skipped="0" name="Test collection for CellGameTest.RunGame.RoundBasedGameTest" time="0.017">
      <test name="CellGameTest.RunGame.RoundBasedGameTest.Advance_TBA" type="CellGameTest.RunGame.RoundBasedGameTest" method="Advance_TBA" time="0.0099822" result="Pass">
        <traits />
      </test>
      <test name="CellGameTest.RunGame.RoundBasedGameTest.Advance_DoesNotReturnSameTissue2DInstanceAndCellsAreCloned" type="CellGameTest.RunGame.RoundBasedGameTest" method="Advance_DoesNotReturnSameTissue2DInstanceAndCellsAreCloned" time="0.0067923" result="Pass">
        <traits />
      </test>
    </collection>
    <collection total="4" passed="4" failed="0" skipped="0" name="Test collection for CellGameTest.Tissue.Tissue2DFactoryTest" time="1.589">
      <test name="CellGameTest.Tissue.Tissue2DFactoryTest.Create_Tissue2D_WithCorrectNumberOfCells" type="CellGameTest.Tissue.Tissue2DFactoryTest" method="Create_Tissue2D_WithCorrectNumberOfCells" time="1.1850927" result="Pass">
        <traits />
      </test>
      <test name="CellGameTest.Tissue.Tissue2DFactoryTest.Create_Tissue2D_WithCorrectLocationOrigin" type="CellGameTest.Tissue.Tissue2DFactoryTest" method="Create_Tissue2D_WithCorrectLocationOrigin" time="0.3217689" result="Pass">
        <traits />
      </test>
      <test name="CellGameTest.Tissue.Tissue2DFactoryTest.Create_Tissue2D_CorrectCellsRatiosAreCreated" type="CellGameTest.Tissue.Tissue2DFactoryTest" method="Create_Tissue2D_CorrectCellsRatiosAreCreated" time="0.0082706" result="Pass">
        <traits />
      </test>
      <test name="CellGameTest.Tissue.Tissue2DFactoryTest.Create_Tissue2D_AllPositionsAreCreated" type="CellGameTest.Tissue.Tissue2DFactoryTest" method="Create_Tissue2D_AllPositionsAreCreated" time="0.0742165" result="Pass">
        <traits />
      </test>
    </collection>
    <collection total="3" passed="3" failed="0" skipped="0" name="Test collection for CellGameTest.Tissue.TissuePrinterTests" time="0.466">
      <test name="CellGameTest.Tissue.TissuePrinterTests.PrintTissue_CellPrintIsCalled_CorrectNumberOfTimes2" type="CellGameTest.Tissue.TissuePrinterTests" method="PrintTissue_CellPrintIsCalled_CorrectNumberOfTimes2" time="0.3339327" result="Pass">
        <traits />
      </test>
      <test name="CellGameTest.Tissue.TissuePrinterTests.PrintTissue_CellPrintIsCalled_CorrectNumberOfTimes" type="CellGameTest.Tissue.TissuePrinterTests" method="PrintTissue_CellPrintIsCalled_CorrectNumberOfTimes" time="0.0179695" result="Pass">
        <traits />
      </test>
      <test name="CellGameTest.Tissue.TissuePrinterTests.PrintTissue_CellPrintIsCalled_ForEachCell" type="CellGameTest.Tissue.TissuePrinterTests" method="PrintTissue_CellPrintIsCalled_ForEachCell" time="0.1139596" result="Pass">
        <traits />
      </test>
    </collection>
  </assembly>
</assemblies>